<?xml version="1.0" encoding="UTF-8"?>
<!-- Generated by org.testng.reporters.JUnitReportReporter -->
<testsuite hostname="DESKTOP-EQE7IHR" failures="0" tests="1" name="com.Test.Test1" time="26.390" errors="0" timestamp="2022-10-30T17:50:12 IST" skipped="0">
  <testcase classname="com.Test.Test1" name="verifytest1" time="26.390"/>
  <system-out/>
</testsuite> <!-- com.Test.Test1 -->
