<?xml version="1.0" encoding="UTF-8"?>
<!-- Generated by org.testng.reporters.JUnitReportReporter -->
<testsuite hostname="DESKTOP-EQE7IHR" failures="0" tests="1" name="com.Test.Test3" time="7.677" errors="0" timestamp="2022-10-30T17:50:12 IST" skipped="0">
  <testcase classname="com.Test.Test3" name="verifytest3" time="7.677"/>
  <system-out/>
</testsuite> <!-- com.Test.Test3 -->
