<?xml version="1.0" encoding="UTF-8"?>
<!-- Generated by org.testng.reporters.JUnitReportReporter -->
<testsuite hostname="DESKTOP-EQE7IHR" failures="0" tests="1" name="com.Test.Test2" time="6.627" errors="0" timestamp="2022-10-28T00:29:48 IST" skipped="0">
  <testcase classname="com.Test.Test2" name="verifytest2" time="6.627"/>
  <system-out/>
</testsuite> <!-- com.Test.Test2 -->
