<?xml version="1.0" encoding="UTF-8"?>
<!-- Generated by org.testng.reporters.JUnitReportReporter -->
<testsuite hostname="DESKTOP-EQE7IHR" failures="0" tests="1" name="com.Test.Test2" time="7.576" errors="0" timestamp="2022-10-30T17:50:12 IST" skipped="0">
  <testcase classname="com.Test.Test2" name="verifytest2" time="7.576"/>
  <system-out/>
</testsuite> <!-- com.Test.Test2 -->
