<?xml version="1.0" encoding="UTF-8"?>
<!-- Generated by org.testng.reporters.JUnitReportReporter -->
<testsuite hostname="DESKTOP-EQE7IHR" failures="0" tests="2" name="com.Test.Test1" time="28.251" errors="0" timestamp="2022-10-28T00:33:32 IST" skipped="0">
  <testcase classname="com.Test.Test1" name="verifytest1" time="15.585"/>
  <system-out/>
  <testcase classname="com.Test.Test1" name="verifytest1" time="12.666"/>
  <system-out/>
</testsuite> <!-- com.Test.Test1 -->
