<?xml version="1.0" encoding="UTF-8"?>
<!-- Generated by org.testng.reporters.JUnitReportReporter -->
<testsuite hostname="DESKTOP-EQE7IHR" failures="0" tests="1" name="com.Test.Test3" time="6.399" errors="0" timestamp="2022-10-28T00:29:48 IST" skipped="0">
  <testcase classname="com.Test.Test3" name="verifytest3" time="6.399"/>
  <system-out/>
</testsuite> <!-- com.Test.Test3 -->
